PrismaClientKnownRequestError: 
Invalid `__TURBOPACK__imported__module__$5b$project$5d2f$src$2f$lib$2f$prisma$2e$ts__$5b$app$2d$route$5d$__$28$ecmascript$29$__["default"].visit.findMany()` invocation in
/home/dkay/Projects/treehouse/checkmein/.next/dev/server/chunks/[root-of-the-server]__e8719a80._.js:439:168

  436 }
  437 ;
  438 async function getFullAttendance() {
→ 439     const activeVisits = await __TURBOPACK__imported__module__$5b$project$5d2f$src$2f$lib$2f$prisma$2e$ts__$5b$app$2d$route$5d$__$28$ecmascript$29$__["default"].visit.findMany(
The column `(not available)` does not exist in the current database.
PrismaClientKnownRequestError: 
Invalid `__TURBOPACK__imported__module__$5b$project$5d2f$src$2f$lib$2f$prisma$2e$ts__$5b$app$2d$route$5d$__$28$ecmascript$29$__["default"].visit.findMany()` invocation in
/home/dkay/Projects/treehouse/checkmein/.next/dev/server/chunks/[root-of-the-server]__e8719a80._.js:439:168

  436 }
  437 ;
  438 async function getFullAttendance() {
→ 439     const activeVisits = await __TURBOPACK__imported__module__$5b$project$5d2f$src$2f$lib$2f$prisma$2e$ts__$5b$app$2d$route$5d$__$28$ecmascript$29$__["default"].visit.findMany(
The column `(not available)` does not exist in the current database.
    at zr.handleRequestError (/home/dkay/Projects/treehouse/checkmein/node_modules/@prisma/client/runtime/client.js:65:8286)
    at zr.handleAndLogRequestError (/home/dkay/Projects/treehouse/checkmein/node_modules/@prisma/client/runtime/client.js:65:7581)
    at zr.request (/home/dkay/Projects/treehouse/checkmein/node_modules/@prisma/client/runtime/client.js:65:7288)
    at process.processTicksAndRejections (node:internal/process/task_queues:95:5)
    at async a (/home/dkay/Projects/treehouse/checkmein/node_modules/@prisma/client/runtime/client.js:75:5816)
    at async getFullAttendance (/home/dkay/Projects/treehouse/checkmein/.next/dev/server/chunks/[root-of-the-server]__e8719a80._.js:439:26)
    at async GET (/home/dkay/Projects/treehouse/checkmein/.next/dev/server/chunks/[root-of-the-server]__e8719a80._.js:834:48)
    at async AppRouteRouteModule.do (/home/dkay/Projects/treehouse/checkmein/node_modules/next/dist/compiled/next-server/app-route-turbo.runtime.dev.js:5:37866)
    at async AppRouteRouteModule.handle (/home/dkay/Projects/treehouse/checkmein/node_modules/next/dist/compiled/next-server/app-route-turbo.runtime.dev.js:5:45156)
    at async responseGenerator (/home/dkay/Projects/treehouse/checkmein/.next/dev/server/chunks/node_modules_next_10f0b463._.js:16535:38)
    at async AppRouteRouteModule.handleResponse (/home/dkay/Projects/treehouse/checkmein/node_modules/next/dist/compiled/next-server/app-route-turbo.runtime.dev.js:1:191938)
    at async handleResponse (/home/dkay/Projects/treehouse/checkmein/.next/dev/server/chunks/node_modules_next_10f0b463._.js:16598:32)
    at async Module.handler (/home/dkay/Projects/treehouse/checkmein/.next/dev/server/chunks/node_modules_next_10f0b463._.js:16651:13)
    at async DevServer.renderToResponseWithComponentsImpl (/home/dkay/Projects/treehouse/checkmein/node_modules/next/dist/server/base-server.js:1442:9)
    at async DevServer.renderPageComponent (/home/dkay/Projects/treehouse/checkmein/node_modules/next/dist/server/base-server.js:1494:24)
    at async DevServer.renderToResponseImpl (/home/dkay/Projects/treehouse/checkmein/node_modules/next/dist/server/base-server.js:1544:32)
    at async DevServer.pipeImpl (/home/dkay/Projects/treehouse/checkmein/node_modules/next/dist/server/base-server.js:1038:25)
    at async NextNodeServer.handleCatchallRenderRequest (/home/dkay/Projects/treehouse/checkmein/node_modules/next/dist/server/next-server.js:395:17)
    at async DevServer.handleRequestImpl (/home/dkay/Projects/treehouse/checkmein/node_modules/next/dist/server/base-server.js:929:17)
    at async /home/dkay/Projects/treehouse/checkmein/node_modules/next/dist/server/dev/next-dev-server.js:387:20
    at async Span.traceAsyncFn (/home/dkay/Projects/treehouse/checkmein/node_modules/next/dist/trace/trace.js:157:20)
    at async DevServer.handleRequest (/home/dkay/Projects/treehouse/checkmein/node_modules/next/dist/server/dev/next-dev-server.js:383:24)
    at async invokeRender (/home/dkay/Projects/treehouse/checkmein/node_modules/next/dist/server/lib/router-server.js:248:21)
    at async handleRequest (/home/dkay/Projects/treehouse/checkmein/node_modules/next/dist/server/lib/router-server.js:447:24)
    at async requestHandlerImpl (/home/dkay/Projects/treehouse/checkmein/node_modules/next/dist/server/lib/router-server.js:496:13)
    at async Server.requestListener (/home/dkay/Projects/treehouse/checkmein/node_modules/next/dist/server/lib/start-server.js:226:13)